{"C:\\Users\\LUIS\\Proyectos\\laragon\\www\\otgs\\wp-content\\plugins\\cred\\public_src\\js\\editor-blocks\\cred-form\\cred-form-preview.js": {"path":"C:\\Users\\LUIS\\Proyectos\\laragon\\www\\otgs\\wp-content\\plugins\\cred\\public_src\\js\\editor-blocks\\cred-form\\cred-form-preview.js","statementMap":{"0":{"start":{"line":19,"column":2},"end":{"line":19,"column":24}},"1":{"start":{"line":20,"column":2},"end":{"line":20,"column":59}},"2":{"start":{"line":21,"column":2},"end":{"line":25,"column":4}},"3":{"start":{"line":27,"column":2},"end":{"line":27,"column":70}},"4":{"start":{"line":36,"column":6},"end":{"line":36,"column":16}},"5":{"start":{"line":38,"column":2},"end":{"line":45,"column":3}},"6":{"start":{"line":39,"column":3},"end":{"line":44,"column":10}},"7":{"start":{"line":47,"column":2},"end":{"line":54,"column":3}},"8":{"start":{"line":48,"column":3},"end":{"line":53,"column":10}},"9":{"start":{"line":56,"column":2},"end":{"line":62,"column":4}},"10":{"start":{"line":66,"column":2},"end":{"line":75,"column":3}},"11":{"start":{"line":74,"column":3},"end":{"line":74,"column":29}},"12":{"start":{"line":77,"column":2},"end":{"line":77,"column":19}},"13":{"start":{"line":81,"column":2},"end":{"line":88,"column":3}},"14":{"start":{"line":82,"column":3},"end":{"line":86,"column":7}},"15":{"start":{"line":87,"column":3},"end":{"line":87,"column":57}},"16":{"start":{"line":92,"column":2},"end":{"line":92,"column":25}},"17":{"start":{"line":101,"column":19},"end":{"line":101,"column":21}},"18":{"start":{"line":102,"column":2},"end":{"line":125,"column":3}},"19":{"start":{"line":107,"column":3},"end":{"line":113,"column":4}},"20":{"start":{"line":108,"column":4},"end":{"line":108,"column":26}},"21":{"start":{"line":109,"column":4},"end":{"line":109,"column":89}},"22":{"start":{"line":111,"column":4},"end":{"line":111,"column":50}},"23":{"start":{"line":112,"column":4},"end":{"line":112,"column":43}},"24":{"start":{"line":115,"column":17},"end":{"line":115,"column":19}},"25":{"start":{"line":116,"column":3},"end":{"line":122,"column":4}},"26":{"start":{"line":119,"column":4},"end":{"line":119,"column":36}},"27":{"start":{"line":121,"column":4},"end":{"line":121,"column":90}},"28":{"start":{"line":123,"column":3},"end":{"line":123,"column":25}},"29":{"start":{"line":124,"column":3},"end":{"line":124,"column":35}},"30":{"start":{"line":127,"column":2},"end":{"line":127,"column":28}},"31":{"start":{"line":130,"column":2},"end":{"line":143,"column":3}},"32":{"start":{"line":131,"column":22},"end":{"line":134,"column":41}},"33":{"start":{"line":135,"column":3},"end":{"line":140,"column":8}},"34":{"start":{"line":136,"column":18},"end":{"line":136,"column":28}},"35":{"start":{"line":138,"column":5},"end":{"line":138,"column":47}},"36":{"start":{"line":139,"column":5},"end":{"line":139,"column":31}},"37":{"start":{"line":142,"column":3},"end":{"line":142,"column":29}},"38":{"start":{"line":152,"column":15},"end":{"line":152,"column":36}},"39":{"start":{"line":153,"column":2},"end":{"line":153,"column":43}},"40":{"start":{"line":154,"column":2},"end":{"line":154,"column":41}},"41":{"start":{"line":155,"column":2},"end":{"line":155,"column":98}},"42":{"start":{"line":157,"column":2},"end":{"line":164,"column":7}},"43":{"start":{"line":161,"column":19},"end":{"line":161,"column":29}},"44":{"start":{"line":163,"column":4},"end":{"line":163,"column":43}}},"fnMap":{"0":{"name":"(anonymous_0)","decl":{"start":{"line":18,"column":1},"end":{"line":18,"column":2}},"loc":{"start":{"line":18,"column":15},"end":{"line":28,"column":2}},"line":18},"1":{"name":"(anonymous_1)","decl":{"start":{"line":30,"column":1},"end":{"line":30,"column":2}},"loc":{"start":{"line":30,"column":10},"end":{"line":63,"column":2}},"line":30},"2":{"name":"(anonymous_2)","decl":{"start":{"line":65,"column":1},"end":{"line":65,"column":2}},"loc":{"start":{"line":65,"column":57},"end":{"line":78,"column":2}},"line":65},"3":{"name":"(anonymous_3)","decl":{"start":{"line":80,"column":1},"end":{"line":80,"column":2}},"loc":{"start":{"line":80,"column":33},"end":{"line":89,"column":2}},"line":80},"4":{"name":"(anonymous_4)","decl":{"start":{"line":91,"column":1},"end":{"line":91,"column":2}},"loc":{"start":{"line":91,"column":21},"end":{"line":93,"column":2}},"line":91},"5":{"name":"(anonymous_5)","decl":{"start":{"line":100,"column":1},"end":{"line":100,"column":2}},"loc":{"start":{"line":100,"column":35},"end":{"line":144,"column":2}},"line":100},"6":{"name":"(anonymous_6)","decl":{"start":{"line":136,"column":11},"end":{"line":136,"column":12}},"loc":{"start":{"line":136,"column":18},"end":{"line":136,"column":28}},"line":136},"7":{"name":"(anonymous_7)","decl":{"start":{"line":137,"column":11},"end":{"line":137,"column":12}},"loc":{"start":{"line":137,"column":18},"end":{"line":140,"column":5}},"line":137},"8":{"name":"(anonymous_8)","decl":{"start":{"line":151,"column":1},"end":{"line":151,"column":2}},"loc":{"start":{"line":151,"column":27},"end":{"line":165,"column":2}},"line":151},"9":{"name":"(anonymous_9)","decl":{"start":{"line":161,"column":12},"end":{"line":161,"column":13}},"loc":{"start":{"line":161,"column":19},"end":{"line":161,"column":29}},"line":161},"10":{"name":"(anonymous_10)","decl":{"start":{"line":162,"column":10},"end":{"line":162,"column":11}},"loc":{"start":{"line":162,"column":22},"end":{"line":164,"column":4}},"line":162}},"branchMap":{"0":{"loc":{"start":{"line":38,"column":2},"end":{"line":45,"column":3}},"type":"if","locations":[{"start":{"line":38,"column":2},"end":{"line":45,"column":3}},{"start":{"line":38,"column":2},"end":{"line":45,"column":3}}],"line":38},"1":{"loc":{"start":{"line":47,"column":2},"end":{"line":54,"column":3}},"type":"if","locations":[{"start":{"line":47,"column":2},"end":{"line":54,"column":3}},{"start":{"line":47,"column":2},"end":{"line":54,"column":3}}],"line":47},"2":{"loc":{"start":{"line":66,"column":2},"end":{"line":75,"column":3}},"type":"if","locations":[{"start":{"line":66,"column":2},"end":{"line":75,"column":3}},{"start":{"line":66,"column":2},"end":{"line":75,"column":3}}],"line":66},"3":{"loc":{"start":{"line":67,"column":3},"end":{"line":69,"column":31}},"type":"binary-expr","locations":[{"start":{"line":67,"column":3},"end":{"line":67,"column":31}},{"start":{"line":68,"column":3},"end":{"line":68,"column":52}},{"start":{"line":69,"column":3},"end":{"line":69,"column":31}}],"line":67},"4":{"loc":{"start":{"line":81,"column":2},"end":{"line":88,"column":3}},"type":"if","locations":[{"start":{"line":81,"column":2},"end":{"line":88,"column":3}},{"start":{"line":81,"column":2},"end":{"line":88,"column":3}}],"line":81},"5":{"loc":{"start":{"line":102,"column":2},"end":{"line":125,"column":3}},"type":"if","locations":[{"start":{"line":102,"column":2},"end":{"line":125,"column":3}},{"start":{"line":102,"column":2},"end":{"line":125,"column":3}}],"line":102},"6":{"loc":{"start":{"line":103,"column":3},"end":{"line":105,"column":39}},"type":"binary-expr","locations":[{"start":{"line":103,"column":3},"end":{"line":103,"column":17}},{"start":{"line":104,"column":3},"end":{"line":104,"column":19}},{"start":{"line":105,"column":3},"end":{"line":105,"column":39}}],"line":103},"7":{"loc":{"start":{"line":107,"column":3},"end":{"line":113,"column":4}},"type":"if","locations":[{"start":{"line":107,"column":3},"end":{"line":113,"column":4}},{"start":{"line":107,"column":3},"end":{"line":113,"column":4}}],"line":107},"8":{"loc":{"start":{"line":116,"column":3},"end":{"line":122,"column":4}},"type":"if","locations":[{"start":{"line":116,"column":3},"end":{"line":122,"column":4}},{"start":{"line":116,"column":3},"end":{"line":122,"column":4}}],"line":116},"9":{"loc":{"start":{"line":117,"column":4},"end":{"line":118,"column":48}},"type":"binary-expr","locations":[{"start":{"line":117,"column":4},"end":{"line":117,"column":40}},{"start":{"line":118,"column":4},"end":{"line":118,"column":48}}],"line":117},"10":{"loc":{"start":{"line":130,"column":2},"end":{"line":143,"column":3}},"type":"if","locations":[{"start":{"line":130,"column":2},"end":{"line":143,"column":3}},{"start":{"line":130,"column":2},"end":{"line":143,"column":3}}],"line":130},"11":{"loc":{"start":{"line":155,"column":25},"end":{"line":155,"column":95}},"type":"cond-expr","locations":[{"start":{"line":155,"column":57},"end":{"line":155,"column":86}},{"start":{"line":155,"column":89},"end":{"line":155,"column":95}}],"line":155}},"s":{"0":5,"1":5,"2":5,"3":5,"4":13,"5":13,"6":0,"7":13,"8":7,"9":6,"10":13,"11":0,"12":13,"13":8,"14":0,"15":0,"16":5,"17":9,"18":9,"19":3,"20":2,"21":2,"22":1,"23":1,"24":6,"25":6,"26":1,"27":5,"28":6,"29":6,"30":9,"31":9,"32":1,"33":1,"34":0,"35":0,"36":0,"37":8,"38":5,"39":5,"40":5,"41":5,"42":5,"43":4,"44":4},"f":{"0":5,"1":13,"2":13,"3":8,"4":5,"5":9,"6":0,"7":0,"8":5,"9":4,"10":4},"b":{"0":[0,13],"1":[7,6],"2":[0,13],"3":[13,0,0],"4":[0,8],"5":[3,6],"6":[9,9,3],"7":[2,1],"8":[1,5],"9":[6,1],"10":[1,8],"11":[5,0]},"_coverageSchema":"332fd63041d2c1bcb487cc26dd0d5f7d97098a6c","hash":"2612c287fe4725bb864c6d298fe53c2177e68f75"}
,"C:\\Users\\LUIS\\Proyectos\\laragon\\www\\otgs\\wp-content\\plugins\\cred\\public_src\\js\\editor-blocks\\cred-form\\icon.js": {"path":"C:\\Users\\LUIS\\Proyectos\\laragon\\www\\otgs\\wp-content\\plugins\\cred\\public_src\\js\\editor-blocks\\cred-form\\icon.js","statementMap":{"0":{"start":{"line":9,"column":18},"end":{"line":9,"column":133}},"1":{"start":{"line":11,"column":25},"end":{"line":11,"column":133}},"2":{"start":{"line":13,"column":13},"end":{"line":16,"column":1}}},"fnMap":{},"branchMap":{},"s":{"0":1,"1":1,"2":1},"f":{},"b":{},"_coverageSchema":"332fd63041d2c1bcb487cc26dd0d5f7d97098a6c","hash":"04be17c5ba9a2371c08cf8ad56fe742e569b11b2"}
,"C:\\Users\\LUIS\\Proyectos\\laragon\\www\\otgs\\wp-content\\plugins\\cred\\public_src\\js\\editor-blocks\\cred-form\\index.js": {"path":"C:\\Users\\LUIS\\Proyectos\\laragon\\www\\otgs\\wp-content\\plugins\\cred\\public_src\\js\\editor-blocks\\cred-form\\index.js","statementMap":{"0":{"start":{"line":25,"column":20},"end":{"line":25,"column":34}},"1":{"start":{"line":35,"column":26},"end":{"line":46,"column":1}},"2":{"start":{"line":36,"column":1},"end":{"line":39,"column":2}},"3":{"start":{"line":37,"column":23},"end":{"line":37,"column":82}},"4":{"start":{"line":37,"column":49},"end":{"line":37,"column":80}},"5":{"start":{"line":38,"column":2},"end":{"line":38,"column":56}},"6":{"start":{"line":40,"column":14},"end":{"line":40,"column":18}},"7":{"start":{"line":41,"column":1},"end":{"line":44,"column":5}},"8":{"start":{"line":42,"column":2},"end":{"line":42,"column":65}},"9":{"start":{"line":43,"column":2},"end":{"line":43,"column":16}},"10":{"start":{"line":45,"column":1},"end":{"line":45,"column":15}},"11":{"start":{"line":48,"column":24},"end":{"line":267,"column":1}},"12":{"start":{"line":60,"column":27},"end":{"line":65,"column":3}},"13":{"start":{"line":61,"column":20},"end":{"line":61,"column":52}},"14":{"start":{"line":62,"column":3},"end":{"line":62,"column":55}},"15":{"start":{"line":63,"column":3},"end":{"line":63,"column":58}},"16":{"start":{"line":64,"column":3},"end":{"line":64,"column":62}},"17":{"start":{"line":67,"column":29},"end":{"line":69,"column":3}},"18":{"start":{"line":68,"column":3},"end":{"line":68,"column":48}},"19":{"start":{"line":71,"column":36},"end":{"line":73,"column":3}},"20":{"start":{"line":72,"column":3},"end":{"line":72,"column":55}},"21":{"start":{"line":75,"column":29},"end":{"line":77,"column":3}},"22":{"start":{"line":76,"column":3},"end":{"line":76,"column":48}},"23":{"start":{"line":79,"column":36},"end":{"line":84,"column":3}},"24":{"start":{"line":80,"column":3},"end":{"line":82,"column":4}},"25":{"start":{"line":81,"column":4},"end":{"line":81,"column":15}},"26":{"start":{"line":83,"column":3},"end":{"line":83,"column":55}},"27":{"start":{"line":86,"column":39},"end":{"line":88,"column":3}},"28":{"start":{"line":87,"column":3},"end":{"line":87,"column":58}},"29":{"start":{"line":90,"column":41},"end":{"line":92,"column":3}},"30":{"start":{"line":91,"column":3},"end":{"line":91,"column":60}},"31":{"start":{"line":94,"column":40},"end":{"line":96,"column":3}},"32":{"start":{"line":95,"column":3},"end":{"line":95,"column":59}},"33":{"start":{"line":98,"column":49},"end":{"line":100,"column":3}},"34":{"start":{"line":99,"column":3},"end":{"line":99,"column":69}},"35":{"start":{"line":102,"column":48},"end":{"line":104,"column":3}},"36":{"start":{"line":103,"column":3},"end":{"line":103,"column":68}},"37":{"start":{"line":106,"column":34},"end":{"line":114,"column":3}},"38":{"start":{"line":107,"column":3},"end":{"line":111,"column":7}},"39":{"start":{"line":108,"column":4},"end":{"line":108,"column":25}},"40":{"start":{"line":109,"column":4},"end":{"line":109,"column":29}},"41":{"start":{"line":110,"column":4},"end":{"line":110,"column":16}},"42":{"start":{"line":113,"column":3},"end":{"line":113,"column":16}},"43":{"start":{"line":121,"column":35},"end":{"line":123,"column":3}},"44":{"start":{"line":122,"column":3},"end":{"line":122,"column":53}},"45":{"start":{"line":125,"column":23},"end":{"line":125,"column":98}},"46":{"start":{"line":126,"column":24},"end":{"line":126,"column":101}},"47":{"start":{"line":127,"column":23},"end":{"line":127,"column":98}},"48":{"start":{"line":128,"column":24},"end":{"line":128,"column":101}},"49":{"start":{"line":129,"column":31},"end":{"line":129,"column":122}},"50":{"start":{"line":130,"column":27},"end":{"line":130,"column":117}},"51":{"start":{"line":132,"column":19},"end":{"line":132,"column":86}},"52":{"start":{"line":133,"column":20},"end":{"line":133,"column":104}},"53":{"start":{"line":135,"column":2},"end":{"line":213,"column":4}},"54":{"start":{"line":216,"column":13},"end":{"line":216,"column":40}},"55":{"start":{"line":217,"column":13},"end":{"line":217,"column":15}},"56":{"start":{"line":218,"column":10},"end":{"line":218,"column":12}},"57":{"start":{"line":219,"column":18},"end":{"line":219,"column":20}},"58":{"start":{"line":220,"column":20},"end":{"line":220,"column":32}},"59":{"start":{"line":222,"column":23},"end":{"line":222,"column":26}},"60":{"start":{"line":224,"column":2},"end":{"line":226,"column":3}},"61":{"start":{"line":225,"column":3},"end":{"line":225,"column":15}},"62":{"start":{"line":227,"column":2},"end":{"line":227,"column":28}},"63":{"start":{"line":229,"column":2},"end":{"line":236,"column":3}},"64":{"start":{"line":235,"column":3},"end":{"line":235,"column":66}},"65":{"start":{"line":238,"column":2},"end":{"line":248,"column":3}},"66":{"start":{"line":239,"column":3},"end":{"line":239,"column":38}},"67":{"start":{"line":240,"column":3},"end":{"line":247,"column":4}},"68":{"start":{"line":246,"column":4},"end":{"line":246,"column":67}},"69":{"start":{"line":250,"column":2},"end":{"line":261,"column":3}},"70":{"start":{"line":251,"column":3},"end":{"line":251,"column":46}},"71":{"start":{"line":253,"column":3},"end":{"line":259,"column":4}},"72":{"start":{"line":254,"column":23},"end":{"line":254,"column":172}},"73":{"start":{"line":255,"column":4},"end":{"line":255,"column":52}},"74":{"start":{"line":256,"column":10},"end":{"line":259,"column":4}},"75":{"start":{"line":257,"column":23},"end":{"line":257,"column":175}},"76":{"start":{"line":258,"column":4},"end":{"line":258,"column":53}},"77":{"start":{"line":260,"column":3},"end":{"line":260,"column":13}},"78":{"start":{"line":263,"column":2},"end":{"line":263,"column":43}},"79":{"start":{"line":265,"column":2},"end":{"line":265,"column":98}}},"fnMap":{"0":{"name":"(anonymous_0)","decl":{"start":{"line":35,"column":26},"end":{"line":35,"column":27}},"loc":{"start":{"line":35,"column":49},"end":{"line":46,"column":1}},"line":35},"1":{"name":"(anonymous_1)","decl":{"start":{"line":37,"column":37},"end":{"line":37,"column":38}},"loc":{"start":{"line":37,"column":49},"end":{"line":37,"column":80}},"line":37},"2":{"name":"(anonymous_2)","decl":{"start":{"line":41,"column":31},"end":{"line":41,"column":32}},"loc":{"start":{"line":41,"column":38},"end":{"line":44,"column":2}},"line":41},"3":{"name":"(anonymous_3)","decl":{"start":{"line":59,"column":7},"end":{"line":59,"column":8}},"loc":{"start":{"line":59,"column":16},"end":{"line":214,"column":2}},"line":59},"4":{"name":"(anonymous_4)","decl":{"start":{"line":60,"column":27},"end":{"line":60,"column":28}},"loc":{"start":{"line":60,"column":40},"end":{"line":65,"column":3}},"line":60},"5":{"name":"(anonymous_5)","decl":{"start":{"line":67,"column":29},"end":{"line":67,"column":30}},"loc":{"start":{"line":67,"column":42},"end":{"line":69,"column":3}},"line":67},"6":{"name":"(anonymous_6)","decl":{"start":{"line":71,"column":36},"end":{"line":71,"column":37}},"loc":{"start":{"line":71,"column":49},"end":{"line":73,"column":3}},"line":71},"7":{"name":"(anonymous_7)","decl":{"start":{"line":75,"column":29},"end":{"line":75,"column":30}},"loc":{"start":{"line":75,"column":42},"end":{"line":77,"column":3}},"line":75},"8":{"name":"(anonymous_8)","decl":{"start":{"line":79,"column":36},"end":{"line":79,"column":37}},"loc":{"start":{"line":79,"column":49},"end":{"line":84,"column":3}},"line":79},"9":{"name":"(anonymous_9)","decl":{"start":{"line":86,"column":39},"end":{"line":86,"column":40}},"loc":{"start":{"line":86,"column":52},"end":{"line":88,"column":3}},"line":86},"10":{"name":"(anonymous_10)","decl":{"start":{"line":90,"column":41},"end":{"line":90,"column":42}},"loc":{"start":{"line":90,"column":54},"end":{"line":92,"column":3}},"line":90},"11":{"name":"(anonymous_11)","decl":{"start":{"line":94,"column":40},"end":{"line":94,"column":41}},"loc":{"start":{"line":94,"column":53},"end":{"line":96,"column":3}},"line":94},"12":{"name":"(anonymous_12)","decl":{"start":{"line":98,"column":49},"end":{"line":98,"column":50}},"loc":{"start":{"line":98,"column":63},"end":{"line":100,"column":3}},"line":98},"13":{"name":"(anonymous_13)","decl":{"start":{"line":102,"column":48},"end":{"line":102,"column":49}},"loc":{"start":{"line":102,"column":62},"end":{"line":104,"column":3}},"line":102},"14":{"name":"(anonymous_14)","decl":{"start":{"line":106,"column":34},"end":{"line":106,"column":35}},"loc":{"start":{"line":106,"column":61},"end":{"line":114,"column":3}},"line":106},"15":{"name":"(anonymous_15)","decl":{"start":{"line":107,"column":14},"end":{"line":107,"column":15}},"loc":{"start":{"line":107,"column":26},"end":{"line":111,"column":4}},"line":107},"16":{"name":"(anonymous_16)","decl":{"start":{"line":121,"column":35},"end":{"line":121,"column":36}},"loc":{"start":{"line":121,"column":43},"end":{"line":123,"column":3}},"line":121},"17":{"name":"(anonymous_17)","decl":{"start":{"line":215,"column":7},"end":{"line":215,"column":8}},"loc":{"start":{"line":215,"column":20},"end":{"line":266,"column":2}},"line":215}},"branchMap":{"0":{"loc":{"start":{"line":36,"column":1},"end":{"line":39,"column":2}},"type":"if","locations":[{"start":{"line":36,"column":1},"end":{"line":39,"column":2}},{"start":{"line":36,"column":1},"end":{"line":39,"column":2}}],"line":36},"1":{"loc":{"start":{"line":38,"column":9},"end":{"line":38,"column":55}},"type":"cond-expr","locations":[{"start":{"line":38,"column":31},"end":{"line":38,"column":48}},{"start":{"line":38,"column":51},"end":{"line":38,"column":55}}],"line":38},"2":{"loc":{"start":{"line":42,"column":11},"end":{"line":42,"column":64}},"type":"binary-expr","locations":[{"start":{"line":42,"column":11},"end":{"line":42,"column":17}},{"start":{"line":42,"column":21},"end":{"line":42,"column":64}}],"line":42},"3":{"loc":{"start":{"line":80,"column":3},"end":{"line":82,"column":4}},"type":"if","locations":[{"start":{"line":80,"column":3},"end":{"line":82,"column":4}},{"start":{"line":80,"column":3},"end":{"line":82,"column":4}}],"line":80},"4":{"loc":{"start":{"line":130,"column":27},"end":{"line":130,"column":117}},"type":"cond-expr","locations":[{"start":{"line":130,"column":66},"end":{"line":130,"column":112}},{"start":{"line":130,"column":115},"end":{"line":130,"column":117}}],"line":130},"5":{"loc":{"start":{"line":132,"column":19},"end":{"line":132,"column":86}},"type":"cond-expr","locations":[{"start":{"line":132,"column":46},"end":{"line":132,"column":81}},{"start":{"line":132,"column":84},"end":{"line":132,"column":86}}],"line":132},"6":{"loc":{"start":{"line":133,"column":76},"end":{"line":133,"column":100}},"type":"binary-expr","locations":[{"start":{"line":133,"column":76},"end":{"line":133,"column":94}},{"start":{"line":133,"column":98},"end":{"line":133,"column":100}}],"line":133},"7":{"loc":{"start":{"line":136,"column":3},"end":{"line":176,"column":4}},"type":"binary-expr","locations":[{"start":{"line":136,"column":3},"end":{"line":139,"column":4}},{"start":{"line":140,"column":4},"end":{"line":175,"column":6}}],"line":136},"8":{"loc":{"start":{"line":137,"column":4},"end":{"line":138,"column":20}},"type":"binary-expr","locations":[{"start":{"line":137,"column":4},"end":{"line":137,"column":15}},{"start":{"line":138,"column":4},"end":{"line":138,"column":20}}],"line":137},"9":{"loc":{"start":{"line":178,"column":4},"end":{"line":211,"column":7}},"type":"cond-expr","locations":[{"start":{"line":179,"column":5},"end":{"line":201,"column":19}},{"start":{"line":202,"column":5},"end":{"line":211,"column":7}}],"line":178},"10":{"loc":{"start":{"line":216,"column":13},"end":{"line":216,"column":40}},"type":"binary-expr","locations":[{"start":{"line":216,"column":13},"end":{"line":216,"column":34}},{"start":{"line":216,"column":38},"end":{"line":216,"column":40}}],"line":216},"11":{"loc":{"start":{"line":224,"column":2},"end":{"line":226,"column":3}},"type":"if","locations":[{"start":{"line":224,"column":2},"end":{"line":226,"column":3}},{"start":{"line":224,"column":2},"end":{"line":226,"column":3}}],"line":224},"12":{"loc":{"start":{"line":229,"column":2},"end":{"line":236,"column":3}},"type":"if","locations":[{"start":{"line":229,"column":2},"end":{"line":236,"column":3}},{"start":{"line":229,"column":2},"end":{"line":236,"column":3}}],"line":229},"13":{"loc":{"start":{"line":230,"column":3},"end":{"line":233,"column":37}},"type":"binary-expr","locations":[{"start":{"line":230,"column":3},"end":{"line":230,"column":39}},{"start":{"line":231,"column":3},"end":{"line":231,"column":41}},{"start":{"line":232,"column":3},"end":{"line":232,"column":44}},{"start":{"line":233,"column":3},"end":{"line":233,"column":37}}],"line":230},"14":{"loc":{"start":{"line":238,"column":2},"end":{"line":248,"column":3}},"type":"if","locations":[{"start":{"line":238,"column":2},"end":{"line":248,"column":3}},{"start":{"line":238,"column":2},"end":{"line":248,"column":3}}],"line":238},"15":{"loc":{"start":{"line":240,"column":3},"end":{"line":247,"column":4}},"type":"if","locations":[{"start":{"line":240,"column":3},"end":{"line":247,"column":4}},{"start":{"line":240,"column":3},"end":{"line":247,"column":4}}],"line":240},"16":{"loc":{"start":{"line":241,"column":4},"end":{"line":244,"column":47}},"type":"binary-expr","locations":[{"start":{"line":241,"column":4},"end":{"line":241,"column":42}},{"start":{"line":242,"column":4},"end":{"line":242,"column":45}},{"start":{"line":243,"column":4},"end":{"line":243,"column":41}},{"start":{"line":244,"column":4},"end":{"line":244,"column":47}}],"line":241},"17":{"loc":{"start":{"line":250,"column":2},"end":{"line":261,"column":3}},"type":"if","locations":[{"start":{"line":250,"column":2},"end":{"line":261,"column":3}},{"start":{"line":250,"column":2},"end":{"line":261,"column":3}}],"line":250},"18":{"loc":{"start":{"line":253,"column":3},"end":{"line":259,"column":4}},"type":"if","locations":[{"start":{"line":253,"column":3},"end":{"line":259,"column":4}},{"start":{"line":253,"column":3},"end":{"line":259,"column":4}}],"line":253},"19":{"loc":{"start":{"line":254,"column":23},"end":{"line":254,"column":172}},"type":"cond-expr","locations":[{"start":{"line":254,"column":79},"end":{"line":254,"column":131}},{"start":{"line":254,"column":134},"end":{"line":254,"column":172}}],"line":254},"20":{"loc":{"start":{"line":256,"column":10},"end":{"line":259,"column":4}},"type":"if","locations":[{"start":{"line":256,"column":10},"end":{"line":259,"column":4}},{"start":{"line":256,"column":10},"end":{"line":259,"column":4}}],"line":256},"21":{"loc":{"start":{"line":257,"column":23},"end":{"line":257,"column":175}},"type":"cond-expr","locations":[{"start":{"line":257,"column":80},"end":{"line":257,"column":133}},{"start":{"line":257,"column":136},"end":{"line":257,"column":175}}],"line":257}},"s":{"0":1,"1":1,"2":18,"3":10,"4":10,"5":10,"6":8,"7":8,"8":16,"9":16,"10":8,"11":1,"12":2,"13":1,"14":1,"15":1,"16":1,"17":2,"18":1,"19":2,"20":1,"21":2,"22":1,"23":2,"24":2,"25":1,"26":2,"27":2,"28":1,"29":2,"30":1,"31":2,"32":1,"33":2,"34":1,"35":2,"36":1,"37":2,"38":10,"39":10,"40":10,"41":10,"42":10,"43":2,"44":0,"45":2,"46":2,"47":2,"48":2,"49":2,"50":2,"51":2,"52":2,"53":2,"54":4,"55":4,"56":4,"57":4,"58":4,"59":4,"60":4,"61":1,"62":3,"63":3,"64":1,"65":3,"66":1,"67":1,"68":1,"69":3,"70":1,"71":1,"72":1,"73":1,"74":0,"75":0,"76":0,"77":1,"78":3,"79":3},"f":{"0":18,"1":10,"2":16,"3":2,"4":1,"5":1,"6":1,"7":1,"8":2,"9":1,"10":1,"11":1,"12":1,"13":1,"14":10,"15":10,"16":0,"17":4},"b":{"0":[10,8],"1":[0,10],"2":[16,16],"3":[1,1],"4":[0,2],"5":[0,2],"6":[2,2],"7":[2,2],"8":[2,0],"9":[2,0],"10":[4,1],"11":[1,3],"12":[1,2],"13":[3,1,1,1],"14":[1,2],"15":[1,0],"16":[1,1,1,1],"17":[1,2],"18":[1,0],"19":[0,1],"20":[0,0],"21":[0,0]},"_coverageSchema":"332fd63041d2c1bcb487cc26dd0d5f7d97098a6c","hash":"959b60e026528e06f9892b2bd33ed001c344fd3b"}
,"C:\\Users\\LUIS\\Proyectos\\laragon\\www\\otgs\\wp-content\\plugins\\cred\\public_src\\js\\editor-blocks\\cred-form\\inspector\\cred-form-select.js": {"path":"C:\\Users\\LUIS\\Proyectos\\laragon\\www\\otgs\\wp-content\\plugins\\cred\\public_src\\js\\editor-blocks\\cred-form\\inspector\\cred-form-select.js","statementMap":{"0":{"start":{"line":25,"column":6},"end":{"line":25,"column":16}},"1":{"start":{"line":34,"column":6},"end":{"line":34,"column":16}},"2":{"start":{"line":36,"column":2},"end":{"line":135,"column":4}}},"fnMap":{"0":{"name":"(anonymous_0)","decl":{"start":{"line":20,"column":1},"end":{"line":20,"column":2}},"loc":{"start":{"line":20,"column":10},"end":{"line":136,"column":2}},"line":20}},"branchMap":{"0":{"loc":{"start":{"line":37,"column":3},"end":{"line":134,"column":18}},"type":"cond-expr","locations":[{"start":{"line":51,"column":4},"end":{"line":126,"column":18}},{"start":{"line":127,"column":4},"end":{"line":134,"column":18}}],"line":37},"1":{"loc":{"start":{"line":37,"column":3},"end":{"line":50,"column":4}},"type":"binary-expr","locations":[{"start":{"line":38,"column":4},"end":{"line":38,"column":39}},{"start":{"line":39,"column":4},"end":{"line":39,"column":40}},{"start":{"line":40,"column":4},"end":{"line":40,"column":39}},{"start":{"line":41,"column":4},"end":{"line":41,"column":40}},{"start":{"line":42,"column":4},"end":{"line":42,"column":47}},{"start":{"line":45,"column":4},"end":{"line":45,"column":27}},{"start":{"line":46,"column":4},"end":{"line":46,"column":28}},{"start":{"line":47,"column":4},"end":{"line":47,"column":27}},{"start":{"line":48,"column":4},"end":{"line":48,"column":28}},{"start":{"line":49,"column":4},"end":{"line":49,"column":35}}],"line":37},"2":{"loc":{"start":{"line":61,"column":7},"end":{"line":71,"column":12}},"type":"cond-expr","locations":[{"start":{"line":62,"column":8},"end":{"line":70,"column":10}},{"start":{"line":71,"column":8},"end":{"line":71,"column":12}}],"line":61},"3":{"loc":{"start":{"line":74,"column":7},"end":{"line":84,"column":12}},"type":"cond-expr","locations":[{"start":{"line":75,"column":8},"end":{"line":83,"column":10}},{"start":{"line":84,"column":8},"end":{"line":84,"column":12}}],"line":74},"4":{"loc":{"start":{"line":87,"column":7},"end":{"line":97,"column":12}},"type":"cond-expr","locations":[{"start":{"line":88,"column":8},"end":{"line":96,"column":10}},{"start":{"line":97,"column":8},"end":{"line":97,"column":12}}],"line":87},"5":{"loc":{"start":{"line":100,"column":7},"end":{"line":110,"column":12}},"type":"cond-expr","locations":[{"start":{"line":101,"column":8},"end":{"line":109,"column":10}},{"start":{"line":110,"column":8},"end":{"line":110,"column":12}}],"line":100},"6":{"loc":{"start":{"line":113,"column":7},"end":{"line":123,"column":12}},"type":"cond-expr","locations":[{"start":{"line":114,"column":8},"end":{"line":122,"column":10}},{"start":{"line":123,"column":8},"end":{"line":123,"column":12}}],"line":113}},"s":{"0":2,"1":2,"2":2},"f":{"0":2},"b":{"0":[1,1],"1":[2,2,2,2,2,2,1,1,1,1],"2":[1,0],"3":[1,0],"4":[1,0],"5":[1,0],"6":[1,0]},"_coverageSchema":"332fd63041d2c1bcb487cc26dd0d5f7d97098a6c","hash":"ca44e26813d432316c41b57bb571269c12972fb7"}
,"C:\\Users\\LUIS\\Proyectos\\laragon\\www\\otgs\\wp-content\\plugins\\cred\\public_src\\js\\editor-blocks\\cred-form\\inspector\\inspector.js": {"path":"C:\\Users\\LUIS\\Proyectos\\laragon\\www\\otgs\\wp-content\\plugins\\cred\\public_src\\js\\editor-blocks\\cred-form\\inspector\\inspector.js","statementMap":{"0":{"start":{"line":42,"column":6},"end":{"line":42,"column":16}},"1":{"start":{"line":63,"column":6},"end":{"line":63,"column":16}},"2":{"start":{"line":65,"column":32},"end":{"line":65,"column":34}},"3":{"start":{"line":66,"column":37},"end":{"line":66,"column":39}},"4":{"start":{"line":67,"column":40},"end":{"line":67,"column":42}},"5":{"start":{"line":68,"column":45},"end":{"line":68,"column":47}},"6":{"start":{"line":69,"column":46},"end":{"line":69,"column":48}},"7":{"start":{"line":70,"column":38},"end":{"line":70,"column":40}},"8":{"start":{"line":71,"column":41},"end":{"line":71,"column":43}},"9":{"start":{"line":72,"column":46},"end":{"line":72,"column":48}},"10":{"start":{"line":73,"column":47},"end":{"line":73,"column":49}},"11":{"start":{"line":75,"column":2},"end":{"line":94,"column":3}},"12":{"start":{"line":77,"column":3},"end":{"line":77,"column":209}},"13":{"start":{"line":79,"column":3},"end":{"line":79,"column":209}},"14":{"start":{"line":81,"column":3},"end":{"line":81,"column":149}},"15":{"start":{"line":83,"column":3},"end":{"line":83,"column":119}},"16":{"start":{"line":85,"column":3},"end":{"line":85,"column":119}},"17":{"start":{"line":87,"column":3},"end":{"line":87,"column":210}},"18":{"start":{"line":89,"column":3},"end":{"line":89,"column":150}},"19":{"start":{"line":91,"column":3},"end":{"line":91,"column":119}},"20":{"start":{"line":93,"column":3},"end":{"line":93,"column":119}},"21":{"start":{"line":96,"column":2},"end":{"line":274,"column":4}}},"fnMap":{"0":{"name":"(anonymous_0)","decl":{"start":{"line":28,"column":1},"end":{"line":28,"column":2}},"loc":{"start":{"line":28,"column":10},"end":{"line":275,"column":2}},"line":28}},"branchMap":{"0":{"loc":{"start":{"line":75,"column":2},"end":{"line":94,"column":3}},"type":"if","locations":[{"start":{"line":75,"column":2},"end":{"line":94,"column":3}},{"start":{"line":75,"column":2},"end":{"line":94,"column":3}}],"line":75},"1":{"loc":{"start":{"line":117,"column":7},"end":{"line":154,"column":12}},"type":"cond-expr","locations":[{"start":{"line":118,"column":8},"end":{"line":153,"column":9}},{"start":{"line":154,"column":8},"end":{"line":154,"column":12}}],"line":117},"2":{"loc":{"start":{"line":117,"column":7},"end":{"line":117,"column":51}},"type":"binary-expr","locations":[{"start":{"line":117,"column":7},"end":{"line":117,"column":28}},{"start":{"line":117,"column":32},"end":{"line":117,"column":51}}],"line":117},"3":{"loc":{"start":{"line":137,"column":9},"end":{"line":152,"column":14}},"type":"cond-expr","locations":[{"start":{"line":138,"column":10},"end":{"line":151,"column":24}},{"start":{"line":152,"column":10},"end":{"line":152,"column":14}}],"line":137},"4":{"loc":{"start":{"line":157,"column":7},"end":{"line":191,"column":12}},"type":"cond-expr","locations":[{"start":{"line":158,"column":8},"end":{"line":190,"column":9}},{"start":{"line":191,"column":8},"end":{"line":191,"column":12}}],"line":157},"5":{"loc":{"start":{"line":157,"column":7},"end":{"line":157,"column":51}},"type":"binary-expr","locations":[{"start":{"line":157,"column":7},"end":{"line":157,"column":28}},{"start":{"line":157,"column":32},"end":{"line":157,"column":51}}],"line":157},"6":{"loc":{"start":{"line":171,"column":9},"end":{"line":189,"column":14}},"type":"cond-expr","locations":[{"start":{"line":172,"column":10},"end":{"line":188,"column":24}},{"start":{"line":189,"column":10},"end":{"line":189,"column":14}}],"line":171},"7":{"loc":{"start":{"line":194,"column":7},"end":{"line":269,"column":12}},"type":"cond-expr","locations":[{"start":{"line":195,"column":8},"end":{"line":268,"column":9}},{"start":{"line":269,"column":8},"end":{"line":269,"column":12}}],"line":194},"8":{"loc":{"start":{"line":210,"column":9},"end":{"line":223,"column":14}},"type":"cond-expr","locations":[{"start":{"line":211,"column":10},"end":{"line":222,"column":12}},{"start":{"line":223,"column":10},"end":{"line":223,"column":14}}],"line":210},"9":{"loc":{"start":{"line":224,"column":9},"end":{"line":238,"column":14}},"type":"cond-expr","locations":[{"start":{"line":225,"column":10},"end":{"line":237,"column":12}},{"start":{"line":238,"column":10},"end":{"line":238,"column":14}}],"line":224},"10":{"loc":{"start":{"line":224,"column":9},"end":{"line":224,"column":88}},"type":"binary-expr","locations":[{"start":{"line":224,"column":9},"end":{"line":224,"column":47}},{"start":{"line":224,"column":51},"end":{"line":224,"column":88}}],"line":224},"11":{"loc":{"start":{"line":239,"column":9},"end":{"line":252,"column":14}},"type":"cond-expr","locations":[{"start":{"line":240,"column":10},"end":{"line":251,"column":12}},{"start":{"line":252,"column":10},"end":{"line":252,"column":14}}],"line":239},"12":{"loc":{"start":{"line":253,"column":9},"end":{"line":267,"column":14}},"type":"cond-expr","locations":[{"start":{"line":254,"column":10},"end":{"line":266,"column":12}},{"start":{"line":267,"column":10},"end":{"line":267,"column":14}}],"line":253},"13":{"loc":{"start":{"line":253,"column":9},"end":{"line":253,"column":88}},"type":"binary-expr","locations":[{"start":{"line":253,"column":9},"end":{"line":253,"column":48}},{"start":{"line":253,"column":52},"end":{"line":253,"column":88}}],"line":253}},"s":{"0":2,"1":2,"2":2,"3":2,"4":2,"5":2,"6":2,"7":2,"8":2,"9":2,"10":2,"11":2,"12":0,"13":0,"14":0,"15":0,"16":0,"17":0,"18":0,"19":0,"20":0,"21":2},"f":{"0":2},"b":{"0":[0,2],"1":[0,2],"2":[2,0],"3":[0,0],"4":[0,2],"5":[2,0],"6":[0,0],"7":[0,2],"8":[0,0],"9":[0,0],"10":[0,0],"11":[0,0],"12":[0,0],"13":[0,0]},"_coverageSchema":"332fd63041d2c1bcb487cc26dd0d5f7d97098a6c","hash":"1bb7416fd4079d2ab444af32b9e0df267d6d21f7"}
}
